number of nodes 102
number of triangles 200


list of nodes + normals

5 0 15   0.720704 -2.36011e-07 0.693243
4.96057 0.626666 15   0.715021 0.0903281 0.693243
4.84292 1.24345 15   0.698061 0.179232 0.693243
4.64888 1.84062 15   0.670093 0.265309 0.693243
4.38153 2.40877 15   0.631557 0.347202 0.693243
4.04509 2.93893 15   0.583061 0.423619 0.693243
3.64484 3.42273 15   0.52537 0.493355 0.693243
3.18712 3.85257 15   0.459394 0.555312 0.693243
2.67913 4.22164 15   0.386172 0.60851 0.693243
2.1289 4.52413 15   0.306861 0.652112 0.693243
1.54509 4.75528 15   0.22271 0.68543 0.693243
0.936908 4.91144 15   0.135047 0.707938 0.693243
0.313954 4.99013 15   0.0452536 0.719281 0.693243
-0.313951 4.99013 15   -0.0452531 0.719281 0.693243
-0.936905 4.91144 15   -0.135046 0.707938 0.693243
-1.54508 4.75528 15   -0.222709 0.68543 0.693243
-2.12889 4.52414 15   -0.30686 0.652112 0.693243
-2.67913 4.22164 15   -0.386172 0.60851 0.693243
-3.18712 3.85257 15   -0.459393 0.555312 0.693243
-3.64484 3.42274 15   -0.52537 0.493356 0.693243
-4.04508 2.93893 15   -0.583061 0.423619 0.693243
-4.38153 2.40877 15   -0.631557 0.347202 0.693243
-4.64888 1.84063 15   -0.670093 0.265309 0.693243
-4.84292 1.24345 15   -0.698061 0.179232 0.693243
-4.96057 0.626669 15   -0.715021 0.0903286 0.693243
-5 3.26795e-06 15   -0.720704 4.71536e-07 0.693243
-4.96057 -0.626663 15   -0.715021 -0.0903276 0.693243
-4.84292 -1.24345 15   -0.698061 -0.179231 0.693243
-4.64888 -1.84062 15   -0.670093 -0.265308 0.693243
-4.38154 -2.40877 15   -0.631558 -0.347201 0.693243
-4.04509 -2.93892 15   -0.583062 -0.423618 0.693243
-3.64485 -3.42273 15   -0.525371 -0.493355 0.693243
-3.18712 -3.85256 15   -0.459394 -0.555311 0.693243
-2.67914 -4.22164 15   -0.386173 -0.60851 0.693243
-2.1289 -4.52413 15   -0.306861 -0.652112 0.693243
-1.54509 -4.75528 15   -0.22271 -0.68543 0.693243
-0.936911 -4.91144 15   -0.135047 -0.707938 0.693243
-0.313957 -4.99013 15   -0.045254 -0.719281 0.693243
0.313948 -4.99013 15   0.0452526 -0.719281 0.693243
0.936902 -4.91144 15   0.135046 -0.707938 0.693243
1.54508 -4.75528 15   0.222709 -0.68543 0.693243
2.12889 -4.52414 15   0.30686 -0.652112 0.693243
2.67913 -4.22164 15   0.386172 -0.608511 0.693243
3.18712 -3.85257 15   0.459393 -0.555312 0.693243
3.64484 -3.42274 15   0.52537 -0.493356 0.693243
4.04508 -2.93893 15   0.583061 -0.42362 0.693243
4.38153 -2.40877 15   0.631557 -0.347202 0.693243
4.64888 -1.84063 15   0.670093 -0.26531 0.693243
4.84291 -1.24346 15   0.698061 -0.179233 0.693243
4.96057 -0.626673 15   0.715021 -0.0903288 0.693243
0 0 15   0 0 1
5 0 -15   0.720704 -2.36011e-07 -0.693243
4.96057 0.626666 -15   0.715021 0.0903281 -0.693243
4.84292 1.24345 -15   0.698061 0.179232 -0.693243
4.64888 1.84062 -15   0.670093 0.265309 -0.693243
4.38153 2.40877 -15   0.631557 0.347202 -0.693243
4.04509 2.93893 -15   0.583061 0.423619 -0.693243
3.64484 3.42273 -15   0.52537 0.493355 -0.693243
3.18712 3.85257 -15   0.459394 0.555312 -0.693243
2.67913 4.22164 -15   0.386172 0.60851 -0.693243
2.1289 4.52413 -15   0.306861 0.652112 -0.693243
1.54509 4.75528 -15   0.22271 0.68543 -0.693243
0.936908 4.91144 -15   0.135047 0.707938 -0.693243
0.313954 4.99013 -15   0.0452536 0.719281 -0.693243
-0.313951 4.99013 -15   -0.0452531 0.719281 -0.693243
-0.936905 4.91144 -15   -0.135046 0.707938 -0.693243
-1.54508 4.75528 -15   -0.222709 0.68543 -0.693243
-2.12889 4.52414 -15   -0.30686 0.652112 -0.693243
-2.67913 4.22164 -15   -0.386172 0.60851 -0.693243
-3.18712 3.85257 -15   -0.459393 0.555312 -0.693243
-3.64484 3.42274 -15   -0.52537 0.493356 -0.693243
-4.04508 2.93893 -15   -0.583061 0.423619 -0.693243
-4.38153 2.40877 -15   -0.631557 0.347202 -0.693243
-4.64888 1.84063 -15   -0.670093 0.265309 -0.693243
-4.84292 1.24345 -15   -0.698061 0.179232 -0.693243
-4.96057 0.626669 -15   -0.715021 0.0903286 -0.693243
-5 3.26795e-06 -15   -0.720704 4.71536e-07 -0.693243
-4.96057 -0.626663 -15   -0.715021 -0.0903276 -0.693243
-4.84292 -1.24345 -15   -0.698061 -0.179231 -0.693243
-4.64888 -1.84062 -15   -0.670093 -0.265308 -0.693243
-4.38154 -2.40877 -15   -0.631558 -0.347201 -0.693243
-4.04509 -2.93892 -15   -0.583062 -0.423618 -0.693243
-3.64485 -3.42273 -15   -0.525371 -0.493355 -0.693243
-3.18712 -3.85256 -15   -0.459394 -0.555311 -0.693243
-2.67914 -4.22164 -15   -0.386173 -0.60851 -0.693243
-2.1289 -4.52413 -15   -0.306861 -0.652112 -0.693243
-1.54509 -4.75528 -15   -0.22271 -0.68543 -0.693243
-0.936911 -4.91144 -15   -0.135047 -0.707938 -0.693243
-0.313957 -4.99013 -15   -0.045254 -0.719281 -0.693243
0.313948 -4.99013 -15   0.0452526 -0.719281 -0.693243
0.936902 -4.91144 -15   0.135046 -0.707938 -0.693243
1.54508 -4.75528 -15   0.222709 -0.68543 -0.693243
2.12889 -4.52414 -15   0.30686 -0.652112 -0.693243
2.67913 -4.22164 -15   0.386172 -0.608511 -0.693243
3.18712 -3.85257 -15   0.459393 -0.555312 -0.693243
3.64484 -3.42274 -15   0.52537 -0.493356 -0.693243
4.04508 -2.93893 -15   0.583061 -0.42362 -0.693243
4.38153 -2.40877 -15   0.631557 -0.347202 -0.693243
4.64888 -1.84063 -15   0.670093 -0.26531 -0.693243
4.84291 -1.24346 -15   0.698061 -0.179233 -0.693243
4.96057 -0.626673 -15   0.715021 -0.0903288 -0.693243
0 0 -15   0 0 -1

list of triangles + edges + normals

(0 1 50) -> 0 0 1
  E0(0 1) -> 0.705711 0.0443996 0.707107
  E1(1 50) -> 0 0 1
  E2(50 0) -> 0 0 1

(51 101 52) -> 0 0 -1
  E0(51 101) -> 0 0 -1
  E1(101 52) -> 0 0 -1
  E2(52 51) -> 0.705711 0.0443996 -0.707107

(1 2 50) -> 0 0 1
  E0(1 2) -> 0.694582 0.132499 0.707107
  E1(2 50) -> 0 0 1
  E2(50 1) -> 0 0 1

(52 101 53) -> -0 0 -1
  E0(52 101) -> 0 0 -1
  E1(101 53) -> -0 0 -1
  E2(53 52) -> 0.694582 0.132499 -0.707107

(2 3 50) -> 0 0 1
  E0(2 3) -> 0.672499 0.218508 0.707107
  E1(3 50) -> 0 0 1
  E2(50 2) -> 0 0 1

(53 101 54) -> -0 0 -1
  E0(53 101) -> -0 0 -1
  E1(101 54) -> -0 0 -1
  E2(54 53) -> 0.672499 0.218508 -0.707107

(3 4 50) -> 0 0 1
  E0(3 4) -> 0.639809 0.301071 0.707107
  E1(4 50) -> 0 0 1
  E2(50 3) -> 0 0 1

(54 101 55) -> -0 0 -1
  E0(54 101) -> -0 0 -1
  E1(101 55) -> -0 0 -1
  E2(55 54) -> 0.639809 0.301071 -0.707107

(4 5 50) -> 0 0 1
  E0(4 5) -> 0.59703 0.378887 0.707107
  E1(5 50) -> 0 0 1
  E2(50 4) -> 0 0 1

(55 101 56) -> -0 0 -1
  E0(55 101) -> -0 0 -1
  E1(101 56) -> -0 0 -1
  E2(56 55) -> 0.59703 0.378887 -0.707107

(5 6 50) -> 0 0 1
  E0(5 6) -> 0.544835 0.450727 0.707107
  E1(6 50) -> 0 0 1
  E2(50 5) -> 0 0 1

(56 101 57) -> -0 0 -1
  E0(56 101) -> -0 0 -1
  E1(101 57) -> -0 0 -1
  E2(57 56) -> 0.544835 0.450727 -0.707107

(6 7 50) -> 0 0 1
  E0(6 7) -> 0.484048 0.515459 0.707107
  E1(7 50) -> 0 0 1
  E2(50 6) -> 0 0 1

(57 101 58) -> -0 0 -1
  E0(57 101) -> -0 0 -1
  E1(101 58) -> -0 0 -1
  E2(58 57) -> 0.484048 0.515459 -0.707107

(7 8 50) -> 0 0 1
  E0(7 8) -> 0.415627 0.572061 0.707107
  E1(8 50) -> 0 0 1
  E2(50 7) -> 0 0 1

(58 101 59) -> -0 0 -1
  E0(58 101) -> -0 0 -1
  E1(101 59) -> -0 0 -1
  E2(59 58) -> 0.415627 0.572061 -0.707107

(8 9 50) -> 0 0 1
  E0(8 9) -> 0.340651 0.619642 0.707107
  E1(9 50) -> 0 0 1
  E2(50 8) -> 0 0 1

(59 101 60) -> -0 0 -1
  E0(59 101) -> -0 0 -1
  E1(101 60) -> -0 0 -1
  E2(60 59) -> 0.340651 0.619642 -0.707107

(9 10 50) -> 0 0 1
  E0(9 10) -> 0.260304 0.657451 0.707107
  E1(10 50) -> 0 0 1
  E2(50 9) -> 0 0 1

(60 101 61) -> -0 0 -1
  E0(60 101) -> -0 0 -1
  E1(101 61) -> -0 0 -1
  E2(61 60) -> 0.260304 0.657451 -0.707107

(10 11 50) -> 0 0 1
  E0(10 11) -> 0.17585 0.684892 0.707107
  E1(11 50) -> 0 0 1
  E2(50 10) -> 0 0 1

(61 101 62) -> -0 0 -1
  E0(61 101) -> -0 0 -1
  E1(101 62) -> -0 0 -1
  E2(62 61) -> 0.17585 0.684892 -0.707107

(11 12 50) -> 0 0 1
  E0(11 12) -> 0.0886242 0.701531 0.707107
  E1(12 50) -> 0 0 1
  E2(50 11) -> 0 0 1

(62 101 63) -> -0 0 -1
  E0(62 101) -> -0 0 -1
  E1(101 63) -> -0 0 -1
  E2(63 62) -> 0.0886242 0.701531 -0.707107

(12 13 50) -> 0 0 1
  E0(12 13) -> 2.36489e-07 0.707107 0.707107
  E1(13 50) -> 0 0 1
  E2(50 12) -> 0 0 1

(63 101 64) -> -0 0 -1
  E0(63 101) -> -0 0 -1
  E1(101 64) -> 0 0 -1
  E2(64 63) -> 2.36489e-07 0.707107 -0.707107

(13 14 50) -> 0 0 1
  E0(13 14) -> -0.0886237 0.701531 0.707107
  E1(14 50) -> 0 0 1
  E2(50 13) -> 0 0 1

(64 101 65) -> 0 -0 -1
  E0(64 101) -> 0 0 -1
  E1(101 65) -> 0 -0 -1
  E2(65 64) -> -0.0886237 0.701531 -0.707107

(14 15 50) -> 0 0 1
  E0(14 15) -> -0.17585 0.684892 0.707107
  E1(15 50) -> 0 0 1
  E2(50 14) -> 0 0 1

(65 101 66) -> 0 -0 -1
  E0(65 101) -> 0 -0 -1
  E1(101 66) -> 0 -0 -1
  E2(66 65) -> -0.17585 0.684892 -0.707107

(15 16 50) -> 0 0 1
  E0(15 16) -> -0.260303 0.657451 0.707107
  E1(16 50) -> 0 0 1
  E2(50 15) -> 0 0 1

(66 101 67) -> 0 -0 -1
  E0(66 101) -> 0 -0 -1
  E1(101 67) -> 0 -0 -1
  E2(67 66) -> -0.260303 0.657451 -0.707107

(16 17 50) -> 0 0 1
  E0(16 17) -> -0.340651 0.619643 0.707107
  E1(17 50) -> 0 0 1
  E2(50 16) -> 0 0 1

(67 101 68) -> 0 -0 -1
  E0(67 101) -> 0 -0 -1
  E1(101 68) -> 0 -0 -1
  E2(68 67) -> -0.340651 0.619643 -0.707107

(17 18 50) -> 0 0 1
  E0(17 18) -> -0.415627 0.572062 0.707107
  E1(18 50) -> 0 0 1
  E2(50 17) -> 0 0 1

(68 101 69) -> 0 -0 -1
  E0(68 101) -> 0 -0 -1
  E1(101 69) -> 0 -0 -1
  E2(69 68) -> -0.415627 0.572062 -0.707107

(18 19 50) -> 0 0 1
  E0(18 19) -> -0.484048 0.515459 0.707107
  E1(19 50) -> 0 0 1
  E2(50 18) -> 0 0 1

(69 101 70) -> 0 -0 -1
  E0(69 101) -> 0 -0 -1
  E1(101 70) -> 0 -0 -1
  E2(70 69) -> -0.484048 0.515459 -0.707107

(19 20 50) -> 0 0 1
  E0(19 20) -> -0.544835 0.450727 0.707107
  E1(20 50) -> 0 0 1
  E2(50 19) -> 0 0 1

(70 101 71) -> 0 -0 -1
  E0(70 101) -> 0 -0 -1
  E1(101 71) -> 0 -0 -1
  E2(71 70) -> -0.544835 0.450727 -0.707107

(20 21 50) -> 0 0 1
  E0(20 21) -> -0.59703 0.378887 0.707107
  E1(21 50) -> 0 0 1
  E2(50 20) -> 0 0 1

(71 101 72) -> 0 -0 -1
  E0(71 101) -> 0 -0 -1
  E1(101 72) -> 0 -0 -1
  E2(72 71) -> -0.59703 0.378887 -0.707107

(21 22 50) -> 0 0 1
  E0(21 22) -> -0.639809 0.301072 0.707107
  E1(22 50) -> 0 0 1
  E2(50 21) -> 0 0 1

(72 101 73) -> 0 -0 -1
  E0(72 101) -> 0 -0 -1
  E1(101 73) -> 0 -0 -1
  E2(73 72) -> -0.639809 0.301072 -0.707107

(22 23 50) -> 0 0 1
  E0(22 23) -> -0.672498 0.218508 0.707107
  E1(23 50) -> 0 0 1
  E2(50 22) -> 0 0 1

(73 101 74) -> 0 -0 -1
  E0(73 101) -> 0 -0 -1
  E1(101 74) -> 0 -0 -1
  E2(74 73) -> -0.672498 0.218508 -0.707107

(23 24 50) -> 0 0 1
  E0(23 24) -> -0.694582 0.132499 0.707107
  E1(24 50) -> 0 0 1
  E2(50 23) -> 0 0 1

(74 101 75) -> 0 -0 -1
  E0(74 101) -> 0 -0 -1
  E1(101 75) -> 0 -0 -1
  E2(75 74) -> -0.694582 0.132499 -0.707107

(24 25 50) -> 0 0 1
  E0(24 25) -> -0.705711 0.0444001 0.707107
  E1(25 50) -> 0 0 1
  E2(50 24) -> 0 0 1

(75 101 76) -> 0 -0 -1
  E0(75 101) -> 0 -0 -1
  E1(101 76) -> 0 0 -1
  E2(76 75) -> -0.705711 0.0444001 -0.707107

(25 26 50) -> 0 0 1
  E0(25 26) -> -0.705711 -0.0443991 0.707107
  E1(26 50) -> 0 0 1
  E2(50 25) -> 0 0 1

(76 101 77) -> 0 0 -1
  E0(76 101) -> 0 0 -1
  E1(101 77) -> 0 0 -1
  E2(77 76) -> -0.705711 -0.0443991 -0.707107

(26 27 50) -> -0 0 1
  E0(26 27) -> -0.694582 -0.132498 0.707107
  E1(27 50) -> -0 0 1
  E2(50 26) -> 0 0 1

(77 101 78) -> 0 0 -1
  E0(77 101) -> 0 0 -1
  E1(101 78) -> 0 0 -1
  E2(78 77) -> -0.694582 -0.132498 -0.707107

(27 28 50) -> -0 0 1
  E0(27 28) -> -0.672499 -0.218508 0.707107
  E1(28 50) -> -0 0 1
  E2(50 27) -> -0 0 1

(78 101 79) -> 0 0 -1
  E0(78 101) -> 0 0 -1
  E1(101 79) -> 0 0 -1
  E2(79 78) -> -0.672499 -0.218508 -0.707107

(28 29 50) -> -0 0 1
  E0(28 29) -> -0.63981 -0.301071 0.707107
  E1(29 50) -> -0 0 1
  E2(50 28) -> -0 0 1

(79 101 80) -> 0 0 -1
  E0(79 101) -> 0 0 -1
  E1(101 80) -> 0 0 -1
  E2(80 79) -> -0.63981 -0.301071 -0.707107

(29 30 50) -> -0 0 1
  E0(29 30) -> -0.59703 -0.378886 0.707107
  E1(30 50) -> -0 0 1
  E2(50 29) -> -0 0 1

(80 101 81) -> 0 0 -1
  E0(80 101) -> 0 0 -1
  E1(101 81) -> 0 0 -1
  E2(81 80) -> -0.59703 -0.378886 -0.707107

(30 31 50) -> -0 0 1
  E0(30 31) -> -0.544835 -0.450726 0.707107
  E1(31 50) -> -0 0 1
  E2(50 30) -> -0 0 1

(81 101 82) -> 0 0 -1
  E0(81 101) -> 0 0 -1
  E1(101 82) -> 0 0 -1
  E2(82 81) -> -0.544835 -0.450726 -0.707107

(31 32 50) -> -0 0 1
  E0(31 32) -> -0.484048 -0.515458 0.707107
  E1(32 50) -> -0 0 1
  E2(50 31) -> -0 0 1

(82 101 83) -> 0 0 -1
  E0(82 101) -> 0 0 -1
  E1(101 83) -> 0 0 -1
  E2(83 82) -> -0.484048 -0.515458 -0.707107

(32 33 50) -> -0 0 1
  E0(32 33) -> -0.415627 -0.572061 0.707107
  E1(33 50) -> -0 0 1
  E2(50 32) -> -0 0 1

(83 101 84) -> 0 0 -1
  E0(83 101) -> 0 0 -1
  E1(101 84) -> 0 0 -1
  E2(84 83) -> -0.415627 -0.572061 -0.707107

(33 34 50) -> -0 0 1
  E0(33 34) -> -0.340652 -0.619642 0.707107
  E1(34 50) -> -0 0 1
  E2(50 33) -> -0 0 1

(84 101 85) -> 0 0 -1
  E0(84 101) -> 0 0 -1
  E1(101 85) -> 0 0 -1
  E2(85 84) -> -0.340652 -0.619642 -0.707107

(34 35 50) -> -0 0 1
  E0(34 35) -> -0.260304 -0.657451 0.707107
  E1(35 50) -> -0 0 1
  E2(50 34) -> -0 0 1

(85 101 86) -> 0 0 -1
  E0(85 101) -> 0 0 -1
  E1(101 86) -> 0 0 -1
  E2(86 85) -> -0.260304 -0.657451 -0.707107

(35 36 50) -> -0 0 1
  E0(35 36) -> -0.175851 -0.684892 0.707107
  E1(36 50) -> -0 0 1
  E2(50 35) -> -0 0 1

(86 101 87) -> 0 0 -1
  E0(86 101) -> 0 0 -1
  E1(101 87) -> 0 0 -1
  E2(87 86) -> -0.175851 -0.684892 -0.707107

(36 37 50) -> -0 0 1
  E0(36 37) -> -0.0886247 -0.701531 0.707107
  E1(37 50) -> -0 0 1
  E2(50 36) -> -0 0 1

(87 101 88) -> 0 0 -1
  E0(87 101) -> 0 0 -1
  E1(101 88) -> 0 0 -1
  E2(88 87) -> -0.0886247 -0.701531 -0.707107

(37 38 50) -> -0 0 1
  E0(37 38) -> -6.86943e-07 -0.707107 0.707107
  E1(38 50) -> 0 0 1
  E2(50 37) -> -0 0 1

(88 101 89) -> 0 0 -1
  E0(88 101) -> 0 0 -1
  E1(101 89) -> 0 0 -1
  E2(89 88) -> -6.86943e-07 -0.707107 -0.707107

(38 39 50) -> 0 -0 1
  E0(38 39) -> 0.0886233 -0.701531 0.707107
  E1(39 50) -> 0 -0 1
  E2(50 38) -> 0 0 1

(89 101 90) -> 0 0 -1
  E0(89 101) -> 0 0 -1
  E1(101 90) -> 0 0 -1
  E2(90 89) -> 0.0886233 -0.701531 -0.707107

(39 40 50) -> 0 -0 1
  E0(39 40) -> 0.17585 -0.684892 0.707107
  E1(40 50) -> 0 -0 1
  E2(50 39) -> 0 -0 1

(90 101 91) -> 0 0 -1
  E0(90 101) -> 0 0 -1
  E1(101 91) -> 0 0 -1
  E2(91 90) -> 0.17585 -0.684892 -0.707107

(40 41 50) -> 0 -0 1
  E0(40 41) -> 0.260303 -0.657452 0.707107
  E1(41 50) -> 0 -0 1
  E2(50 40) -> 0 -0 1

(91 101 92) -> 0 0 -1
  E0(91 101) -> 0 0 -1
  E1(101 92) -> 0 0 -1
  E2(92 91) -> 0.260303 -0.657452 -0.707107

(41 42 50) -> 0 -0 1
  E0(41 42) -> 0.340651 -0.619643 0.707107
  E1(42 50) -> 0 -0 1
  E2(50 41) -> 0 -0 1

(92 101 93) -> 0 0 -1
  E0(92 101) -> 0 0 -1
  E1(101 93) -> 0 0 -1
  E2(93 92) -> 0.340651 -0.619643 -0.707107

(42 43 50) -> 0 -0 1
  E0(42 43) -> 0.415626 -0.572062 0.707107
  E1(43 50) -> 0 -0 1
  E2(50 42) -> 0 -0 1

(93 101 94) -> 0 0 -1
  E0(93 101) -> 0 0 -1
  E1(101 94) -> 0 0 -1
  E2(94 93) -> 0.415626 -0.572062 -0.707107

(43 44 50) -> 0 -0 1
  E0(43 44) -> 0.484047 -0.515459 0.707107
  E1(44 50) -> 0 -0 1
  E2(50 43) -> 0 -0 1

(94 101 95) -> 0 0 -1
  E0(94 101) -> 0 0 -1
  E1(101 95) -> 0 0 -1
  E2(95 94) -> 0.484047 -0.515459 -0.707107

(44 45 50) -> 0 -0 1
  E0(44 45) -> 0.544835 -0.450727 0.707107
  E1(45 50) -> 0 -0 1
  E2(50 44) -> 0 -0 1

(95 101 96) -> 0 0 -1
  E0(95 101) -> 0 0 -1
  E1(101 96) -> 0 0 -1
  E2(96 95) -> 0.544835 -0.450727 -0.707107

(45 46 50) -> 0 -0 1
  E0(45 46) -> 0.59703 -0.378887 0.707107
  E1(46 50) -> 0 -0 1
  E2(50 45) -> 0 -0 1

(96 101 97) -> 0 0 -1
  E0(96 101) -> 0 0 -1
  E1(101 97) -> 0 0 -1
  E2(97 96) -> 0.59703 -0.378887 -0.707107

(46 47 50) -> 0 -0 1
  E0(46 47) -> 0.639809 -0.301072 0.707107
  E1(47 50) -> 0 -0 1
  E2(50 46) -> 0 -0 1

(97 101 98) -> 0 0 -1
  E0(97 101) -> 0 0 -1
  E1(101 98) -> 0 0 -1
  E2(98 97) -> 0.639809 -0.301072 -0.707107

(47 48 50) -> 0 -0 1
  E0(47 48) -> 0.672498 -0.218509 0.707107
  E1(48 50) -> 0 -0 1
  E2(50 47) -> 0 -0 1

(98 101 99) -> 0 0 -1
  E0(98 101) -> 0 0 -1
  E1(101 99) -> 0 0 -1
  E2(99 98) -> 0.672498 -0.218509 -0.707107

(48 49 50) -> 0 -0 1
  E0(48 49) -> 0.694582 -0.132499 0.707107
  E1(49 50) -> 0 -0 1
  E2(50 48) -> 0 -0 1

(99 101 100) -> 0 0 -1
  E0(99 101) -> 0 0 -1
  E1(101 100) -> 0 0 -1
  E2(100 99) -> 0.694582 -0.132499 -0.707107

(49 0 50) -> 0 -0 1
  E0(49 0) -> 0.705711 -0.0444001 0.707107
  E1(0 50) -> 0 0 1
  E2(50 49) -> 0 -0 1

(100 101 51) -> 0 0 -1
  E0(100 101) -> 0 0 -1
  E1(101 51) -> 0 0 -1
  E2(51 100) -> 0.705711 -0.0444001 -0.707107

(0 51 1) -> 0.998027 0.0627905 0
  E0(0 51) -> 1 -3.27473e-07 0
  E1(51 1) -> 0.998027 0.0627905 0
  E2(1 0) -> 0.705711 0.0443996 0.707107

(51 52 1) -> 0.998027 0.0627905 0
  E0(51 52) -> 0.705711 0.0443996 -0.707107
  E1(52 1) -> 0.992115 0.125333 0
  E2(1 51) -> 0.998027 0.0627905 0

(1 52 2) -> 0.982287 0.187381 0
  E0(1 52) -> 0.992115 0.125333 0
  E1(52 2) -> 0.982287 0.187381 0
  E2(2 1) -> 0.694582 0.132499 0.707107

(52 53 2) -> 0.982287 0.187381 0
  E0(52 53) -> 0.694582 0.132499 -0.707107
  E1(53 2) -> 0.968583 0.24869 0
  E2(2 52) -> 0.982287 0.187381 0

(2 53 3) -> 0.951057 0.309017 0
  E0(2 53) -> 0.968583 0.24869 0
  E1(53 3) -> 0.951057 0.309017 0
  E2(3 2) -> 0.672499 0.218508 0.707107

(53 54 3) -> 0.951057 0.309017 0
  E0(53 54) -> 0.672499 0.218508 -0.707107
  E1(54 3) -> 0.929777 0.368124 0
  E2(3 53) -> 0.951057 0.309017 0

(3 54 4) -> 0.904827 0.425779 0
  E0(3 54) -> 0.929777 0.368124 0
  E1(54 4) -> 0.904827 0.425779 0
  E2(4 3) -> 0.639809 0.301071 0.707107

(54 55 4) -> 0.904827 0.425779 0
  E0(54 55) -> 0.639809 0.301071 -0.707107
  E1(55 4) -> 0.876307 0.481754 0
  E2(4 54) -> 0.904827 0.425779 0

(4 55 5) -> 0.844328 0.535827 0
  E0(4 55) -> 0.876307 0.481754 0
  E1(55 5) -> 0.844328 0.535827 0
  E2(5 4) -> 0.59703 0.378887 0.707107

(55 56 5) -> 0.844328 0.535827 0
  E0(55 56) -> 0.59703 0.378887 -0.707107
  E1(56 5) -> 0.809017 0.587785 0
  E2(5 55) -> 0.844328 0.535827 0

(5 56 6) -> 0.770513 0.637424 0
  E0(5 56) -> 0.809017 0.587785 0
  E1(56 6) -> 0.770513 0.637424 0
  E2(6 5) -> 0.544835 0.450727 0.707107

(56 57 6) -> 0.770513 0.637424 0
  E0(56 57) -> 0.544835 0.450727 -0.707107
  E1(57 6) -> 0.728969 0.684547 0
  E2(6 56) -> 0.770513 0.637424 0

(6 57 7) -> 0.684547 0.728969 0
  E0(6 57) -> 0.728969 0.684547 0
  E1(57 7) -> 0.684547 0.728969 0
  E2(7 6) -> 0.484048 0.515459 0.707107

(57 58 7) -> 0.684547 0.728969 0
  E0(57 58) -> 0.484048 0.515459 -0.707107
  E1(58 7) -> 0.637424 0.770513 0
  E2(7 57) -> 0.684547 0.728969 0

(7 58 8) -> 0.587785 0.809017 0
  E0(7 58) -> 0.637424 0.770513 0
  E1(58 8) -> 0.587785 0.809017 0
  E2(8 7) -> 0.415627 0.572061 0.707107

(58 59 8) -> 0.587785 0.809017 0
  E0(58 59) -> 0.415627 0.572061 -0.707107
  E1(59 8) -> 0.535827 0.844328 0
  E2(8 58) -> 0.587785 0.809017 0

(8 59 9) -> 0.481754 0.876307 0
  E0(8 59) -> 0.535827 0.844328 0
  E1(59 9) -> 0.481754 0.876307 0
  E2(9 8) -> 0.340651 0.619642 0.707107

(59 60 9) -> 0.481754 0.876307 0
  E0(59 60) -> 0.340651 0.619642 -0.707107
  E1(60 9) -> 0.42578 0.904827 0
  E2(9 59) -> 0.481754 0.876307 0

(9 60 10) -> 0.368125 0.929776 0
  E0(9 60) -> 0.42578 0.904827 0
  E1(60 10) -> 0.368125 0.929776 0
  E2(10 9) -> 0.260304 0.657451 0.707107

(60 61 10) -> 0.368125 0.929776 0
  E0(60 61) -> 0.260304 0.657451 -0.707107
  E1(61 10) -> 0.309017 0.951056 0
  E2(10 60) -> 0.368125 0.929776 0

(10 61 11) -> 0.24869 0.968583 0
  E0(10 61) -> 0.309017 0.951056 0
  E1(61 11) -> 0.24869 0.968583 0
  E2(11 10) -> 0.17585 0.684892 0.707107

(61 62 11) -> 0.24869 0.968583 0
  E0(61 62) -> 0.17585 0.684892 -0.707107
  E1(62 11) -> 0.187382 0.982287 0
  E2(11 61) -> 0.24869 0.968583 0

(11 62 12) -> 0.125334 0.992115 0
  E0(11 62) -> 0.187382 0.982287 0
  E1(62 12) -> 0.125334 0.992115 0
  E2(12 11) -> 0.0886242 0.701531 0.707107

(62 63 12) -> 0.125334 0.992115 0
  E0(62 63) -> 0.0886242 0.701531 -0.707107
  E1(63 12) -> 0.0627908 0.998027 0
  E2(12 62) -> 0.125334 0.992115 0

(12 63 13) -> 3.34445e-07 1 0
  E0(12 63) -> 0.0627908 0.998027 0
  E1(63 13) -> 3.34445e-07 1 0
  E2(13 12) -> 2.36489e-07 0.707107 0.707107

(63 64 13) -> 3.34445e-07 1 0
  E0(63 64) -> 2.36489e-07 0.707107 -0.707107
  E1(64 13) -> -0.0627902 0.998027 0
  E2(13 63) -> 3.34445e-07 1 0

(13 64 14) -> -0.125333 0.992115 0
  E0(13 64) -> -0.0627902 0.998027 0
  E1(64 14) -> -0.125333 0.992115 0
  E2(14 13) -> -0.0886237 0.701531 0.707107

(64 65 14) -> -0.125333 0.992115 0
  E0(64 65) -> -0.0886237 0.701531 -0.707107
  E1(65 14) -> -0.187381 0.982287 0
  E2(14 64) -> -0.125333 0.992115 0

(14 65 15) -> -0.24869 0.968583 0
  E0(14 65) -> -0.187381 0.982287 0
  E1(65 15) -> -0.24869 0.968583 0
  E2(15 14) -> -0.17585 0.684892 0.707107

(65 66 15) -> -0.24869 0.968583 0
  E0(65 66) -> -0.17585 0.684892 -0.707107
  E1(66 15) -> -0.309017 0.951057 0
  E2(15 65) -> -0.24869 0.968583 0

(15 66 16) -> -0.368124 0.929777 0
  E0(15 66) -> -0.309017 0.951057 0
  E1(66 16) -> -0.368124 0.929777 0
  E2(16 15) -> -0.260303 0.657451 0.707107

(66 67 16) -> -0.368124 0.929777 0
  E0(66 67) -> -0.260303 0.657451 -0.707107
  E1(67 16) -> -0.425779 0.904827 0
  E2(16 66) -> -0.368124 0.929777 0

(16 67 17) -> -0.481753 0.876307 0
  E0(16 67) -> -0.425779 0.904827 0
  E1(67 17) -> -0.481753 0.876307 0
  E2(17 16) -> -0.340651 0.619643 0.707107

(67 68 17) -> -0.481753 0.876307 0
  E0(67 68) -> -0.340651 0.619643 -0.707107
  E1(68 17) -> -0.535826 0.844328 0
  E2(17 67) -> -0.481753 0.876307 0

(17 68 18) -> -0.587785 0.809017 0
  E0(17 68) -> -0.535826 0.844328 0
  E1(68 18) -> -0.587785 0.809017 0
  E2(18 17) -> -0.415627 0.572062 0.707107

(68 69 18) -> -0.587785 0.809017 0
  E0(68 69) -> -0.415627 0.572062 -0.707107
  E1(69 18) -> -0.637424 0.770514 0
  E2(18 68) -> -0.587785 0.809017 0

(18 69 19) -> -0.684547 0.728969 0
  E0(18 69) -> -0.637424 0.770514 0
  E1(69 19) -> -0.684547 0.728969 0
  E2(19 18) -> -0.484048 0.515459 0.707107

(69 70 19) -> -0.684547 0.728969 0
  E0(69 70) -> -0.484048 0.515459 -0.707107
  E1(70 19) -> -0.728968 0.684547 0
  E2(19 69) -> -0.684547 0.728969 0

(19 70 20) -> -0.770513 0.637424 0
  E0(19 70) -> -0.728968 0.684547 0
  E1(70 20) -> -0.770513 0.637424 0
  E2(20 19) -> -0.544835 0.450727 0.707107

(70 71 20) -> -0.770513 0.637424 0
  E0(70 71) -> -0.544835 0.450727 -0.707107
  E1(71 20) -> -0.809017 0.587786 0
  E2(20 70) -> -0.770513 0.637424 0

(20 71 21) -> -0.844328 0.535827 0
  E0(20 71) -> -0.809017 0.587786 0
  E1(71 21) -> -0.844328 0.535827 0
  E2(21 20) -> -0.59703 0.378887 0.707107

(71 72 21) -> -0.844328 0.535827 0
  E0(71 72) -> -0.59703 0.378887 -0.707107
  E1(72 21) -> -0.876306 0.481754 0
  E2(21 71) -> -0.844328 0.535827 0

(21 72 22) -> -0.904827 0.42578 0
  E0(21 72) -> -0.876306 0.481754 0
  E1(72 22) -> -0.904827 0.42578 0
  E2(22 21) -> -0.639809 0.301072 0.707107

(72 73 22) -> -0.904827 0.42578 0
  E0(72 73) -> -0.639809 0.301072 -0.707107
  E1(73 22) -> -0.929776 0.368125 0
  E2(22 72) -> -0.904827 0.42578 0

(22 73 23) -> -0.951056 0.309018 0
  E0(22 73) -> -0.929776 0.368125 0
  E1(73 23) -> -0.951056 0.309018 0
  E2(23 22) -> -0.672498 0.218508 0.707107

(73 74 23) -> -0.951056 0.309018 0
  E0(73 74) -> -0.672498 0.218508 -0.707107
  E1(74 23) -> -0.968583 0.24869 0
  E2(23 73) -> -0.951056 0.309018 0

(23 74 24) -> -0.982287 0.187382 0
  E0(23 74) -> -0.968583 0.24869 0
  E1(74 24) -> -0.982287 0.187382 0
  E2(24 23) -> -0.694582 0.132499 0.707107

(74 75 24) -> -0.982287 0.187382 0
  E0(74 75) -> -0.694582 0.132499 -0.707107
  E1(75 24) -> -0.992115 0.125334 0
  E2(24 74) -> -0.982287 0.187382 0

(24 75 25) -> -0.998027 0.0627912 0
  E0(24 75) -> -0.992115 0.125334 0
  E1(75 25) -> -0.998027 0.0627912 0
  E2(25 24) -> -0.705711 0.0444001 0.707107

(75 76 25) -> -0.998027 0.0627912 0
  E0(75 76) -> -0.705711 0.0444001 -0.707107
  E1(76 25) -> -1 6.54271e-07 0
  E2(25 75) -> -0.998027 0.0627912 0

(25 76 26) -> -0.998027 -0.0627899 -0
  E0(25 76) -> -1 6.54271e-07 0
  E1(76 26) -> -0.998027 -0.0627899 0
  E2(26 25) -> -0.705711 -0.0443991 0.707107

(76 77 26) -> -0.998027 -0.0627899 0
  E0(76 77) -> -0.705711 -0.0443991 -0.707107
  E1(77 26) -> -0.992115 -0.125333 0
  E2(26 76) -> -0.998027 -0.0627899 0

(26 77 27) -> -0.982287 -0.187381 -0
  E0(26 77) -> -0.992115 -0.125333 0
  E1(77 27) -> -0.982287 -0.187381 0
  E2(27 26) -> -0.694582 -0.132498 0.707107

(77 78 27) -> -0.982287 -0.187381 0
  E0(77 78) -> -0.694582 -0.132498 -0.707107
  E1(78 27) -> -0.968583 -0.248689 0
  E2(27 77) -> -0.982287 -0.187381 0

(27 78 28) -> -0.951057 -0.309016 -0
  E0(27 78) -> -0.968583 -0.248689 0
  E1(78 28) -> -0.951057 -0.309016 0
  E2(28 27) -> -0.672499 -0.218508 0.707107

(78 79 28) -> -0.951057 -0.309016 0
  E0(78 79) -> -0.672499 -0.218508 -0.707107
  E1(79 28) -> -0.929777 -0.368124 0
  E2(28 78) -> -0.951057 -0.309016 0

(28 79 29) -> -0.904827 -0.425779 -0
  E0(28 79) -> -0.929777 -0.368124 0
  E1(79 29) -> -0.904827 -0.425779 0
  E2(29 28) -> -0.63981 -0.301071 0.707107

(79 80 29) -> -0.904827 -0.425779 0
  E0(79 80) -> -0.63981 -0.301071 -0.707107
  E1(80 29) -> -0.876307 -0.481753 0
  E2(29 79) -> -0.904827 -0.425779 0

(29 80 30) -> -0.844328 -0.535826 -0
  E0(29 80) -> -0.876307 -0.481753 0
  E1(80 30) -> -0.844328 -0.535826 0
  E2(30 29) -> -0.59703 -0.378886 0.707107

(80 81 30) -> -0.844328 -0.535826 0
  E0(80 81) -> -0.59703 -0.378886 -0.707107
  E1(81 30) -> -0.809017 -0.587785 0
  E2(30 80) -> -0.844328 -0.535826 0

(30 81 31) -> -0.770514 -0.637423 -0
  E0(30 81) -> -0.809017 -0.587785 0
  E1(81 31) -> -0.770514 -0.637423 0
  E2(31 30) -> -0.544835 -0.450726 0.707107

(81 82 31) -> -0.770514 -0.637423 0
  E0(81 82) -> -0.544835 -0.450726 -0.707107
  E1(82 31) -> -0.728969 -0.684547 0
  E2(31 81) -> -0.770514 -0.637423 0

(31 82 32) -> -0.684548 -0.728968 -0
  E0(31 82) -> -0.728969 -0.684547 0
  E1(82 32) -> -0.684548 -0.728968 0
  E2(32 31) -> -0.484048 -0.515458 0.707107

(82 83 32) -> -0.684548 -0.728968 0
  E0(82 83) -> -0.484048 -0.515458 -0.707107
  E1(83 32) -> -0.637425 -0.770513 0
  E2(32 82) -> -0.684548 -0.728968 0

(32 83 33) -> -0.587786 -0.809016 -0
  E0(32 83) -> -0.637425 -0.770513 0
  E1(83 33) -> -0.587786 -0.809016 0
  E2(33 32) -> -0.415627 -0.572061 0.707107

(83 84 33) -> -0.587786 -0.809016 0
  E0(83 84) -> -0.415627 -0.572061 -0.707107
  E1(84 33) -> -0.535828 -0.844327 0
  E2(33 83) -> -0.587786 -0.809016 0

(33 84 34) -> -0.481754 -0.876306 -0
  E0(33 84) -> -0.535828 -0.844327 0
  E1(84 34) -> -0.481754 -0.876306 0
  E2(34 33) -> -0.340652 -0.619642 0.707107

(84 85 34) -> -0.481754 -0.876306 0
  E0(84 85) -> -0.340652 -0.619642 -0.707107
  E1(85 34) -> -0.42578 -0.904827 0
  E2(34 84) -> -0.481754 -0.876306 0

(34 85 35) -> -0.368125 -0.929776 -0
  E0(34 85) -> -0.42578 -0.904827 0
  E1(85 35) -> -0.368125 -0.929776 0
  E2(35 34) -> -0.260304 -0.657451 0.707107

(85 86 35) -> -0.368125 -0.929776 0
  E0(85 86) -> -0.260304 -0.657451 -0.707107
  E1(86 35) -> -0.309018 -0.951056 0
  E2(35 85) -> -0.368125 -0.929776 0

(35 86 36) -> -0.248691 -0.968583 -0
  E0(35 86) -> -0.309018 -0.951056 0
  E1(86 36) -> -0.248691 -0.968583 0
  E2(36 35) -> -0.175851 -0.684892 0.707107

(86 87 36) -> -0.248691 -0.968583 0
  E0(86 87) -> -0.175851 -0.684892 -0.707107
  E1(87 36) -> -0.187382 -0.982287 0
  E2(36 86) -> -0.248691 -0.968583 0

(36 87 37) -> -0.125334 -0.992115 -0
  E0(36 87) -> -0.187382 -0.982287 0
  E1(87 37) -> -0.125334 -0.992115 0
  E2(37 36) -> -0.0886247 -0.701531 0.707107

(87 88 37) -> -0.125334 -0.992115 0
  E0(87 88) -> -0.0886247 -0.701531 -0.707107
  E1(88 37) -> -0.0627915 -0.998027 0
  E2(37 87) -> -0.125334 -0.992115 0

(37 88 38) -> -9.71484e-07 -1 -0
  E0(37 88) -> -0.0627915 -0.998027 0
  E1(88 38) -> -9.71484e-07 -1 0
  E2(38 37) -> -6.86943e-07 -0.707107 0.707107

(88 89 38) -> -9.71484e-07 -1 0
  E0(88 89) -> -6.86943e-07 -0.707107 -0.707107
  E1(89 38) -> 0.0627895 -0.998027 0
  E2(38 88) -> -9.71484e-07 -1 0

(38 89 39) -> 0.125332 -0.992115 0
  E0(38 89) -> 0.0627895 -0.998027 0
  E1(89 39) -> 0.125332 -0.992115 0
  E2(39 38) -> 0.0886233 -0.701531 0.707107

(89 90 39) -> 0.125332 -0.992115 0
  E0(89 90) -> 0.0886233 -0.701531 -0.707107
  E1(90 39) -> 0.18738 -0.982287 0
  E2(39 89) -> 0.125332 -0.992115 0

(39 90 40) -> 0.248689 -0.968583 0
  E0(39 90) -> 0.18738 -0.982287 0
  E1(90 40) -> 0.248689 -0.968583 0
  E2(40 39) -> 0.17585 -0.684892 0.707107

(90 91 40) -> 0.248689 -0.968583 0
  E0(90 91) -> 0.17585 -0.684892 -0.707107
  E1(91 40) -> 0.309016 -0.951057 0
  E2(40 90) -> 0.248689 -0.968583 0

(40 91 41) -> 0.368124 -0.929777 0
  E0(40 91) -> 0.309016 -0.951057 0
  E1(91 41) -> 0.368124 -0.929777 0
  E2(41 40) -> 0.260303 -0.657452 0.707107

(91 92 41) -> 0.368124 -0.929777 0
  E0(91 92) -> 0.260303 -0.657452 -0.707107
  E1(92 41) -> 0.425778 -0.904828 0
  E2(41 91) -> 0.368124 -0.929777 0

(41 92 42) -> 0.481753 -0.876307 0
  E0(41 92) -> 0.425778 -0.904828 0
  E1(92 42) -> 0.481753 -0.876307 0
  E2(42 41) -> 0.340651 -0.619643 0.707107

(92 93 42) -> 0.481753 -0.876307 0
  E0(92 93) -> 0.340651 -0.619643 -0.707107
  E1(93 42) -> 0.535826 -0.844329 0
  E2(42 92) -> 0.481753 -0.876307 0

(42 93 43) -> 0.587784 -0.809018 0
  E0(42 93) -> 0.535826 -0.844329 0
  E1(93 43) -> 0.587784 -0.809018 0
  E2(43 42) -> 0.415626 -0.572062 0.707107

(93 94 43) -> 0.587784 -0.809018 0
  E0(93 94) -> 0.415626 -0.572062 -0.707107
  E1(94 43) -> 0.637423 -0.770514 0
  E2(43 93) -> 0.587784 -0.809018 0

(43 94 44) -> 0.684546 -0.728969 0
  E0(43 94) -> 0.637423 -0.770514 0
  E1(94 44) -> 0.684546 -0.728969 0
  E2(44 43) -> 0.484047 -0.515459 0.707107

(94 95 44) -> 0.684546 -0.728969 0
  E0(94 95) -> 0.484047 -0.515459 -0.707107
  E1(95 44) -> 0.728968 -0.684548 0
  E2(44 94) -> 0.684546 -0.728969 0

(44 95 45) -> 0.770513 -0.637425 0
  E0(44 95) -> 0.728968 -0.684548 0
  E1(95 45) -> 0.770513 -0.637425 0
  E2(45 44) -> 0.544835 -0.450727 0.707107

(95 96 45) -> 0.770513 -0.637425 0
  E0(95 96) -> 0.544835 -0.450727 -0.707107
  E1(96 45) -> 0.809016 -0.587786 0
  E2(45 95) -> 0.770513 -0.637425 0

(45 96 46) -> 0.844327 -0.535828 0
  E0(45 96) -> 0.809016 -0.587786 0
  E1(96 46) -> 0.844327 -0.535828 0
  E2(46 45) -> 0.59703 -0.378887 0.707107

(96 97 46) -> 0.844327 -0.535828 0
  E0(96 97) -> 0.59703 -0.378887 -0.707107
  E1(97 46) -> 0.876306 -0.481755 0
  E2(46 96) -> 0.844327 -0.535828 0

(46 97 47) -> 0.904827 -0.42578 0
  E0(46 97) -> 0.876306 -0.481755 0
  E1(97 47) -> 0.904827 -0.42578 0
  E2(47 46) -> 0.639809 -0.301072 0.707107

(97 98 47) -> 0.904827 -0.42578 0
  E0(97 98) -> 0.639809 -0.301072 -0.707107
  E1(98 47) -> 0.929776 -0.368126 0
  E2(47 97) -> 0.904827 -0.42578 0

(47 98 48) -> 0.951056 -0.309018 0
  E0(47 98) -> 0.929776 -0.368126 0
  E1(98 48) -> 0.951056 -0.309018 0
  E2(48 47) -> 0.672498 -0.218509 0.707107

(98 99 48) -> 0.951056 -0.309018 0
  E0(98 99) -> 0.672498 -0.218509 -0.707107
  E1(99 48) -> 0.968583 -0.248691 0
  E2(48 98) -> 0.951056 -0.309018 0

(48 99 49) -> 0.982287 -0.187383 0
  E0(48 99) -> 0.968583 -0.248691 0
  E1(99 49) -> 0.982287 -0.187383 0
  E2(49 48) -> 0.694582 -0.132499 0.707107

(99 100 49) -> 0.982287 -0.187383 0
  E0(99 100) -> 0.694582 -0.132499 -0.707107
  E1(100 49) -> 0.992115 -0.125334 0
  E2(49 99) -> 0.982287 -0.187383 0

(49 100 0) -> 0.998027 -0.0627912 0
  E0(49 100) -> 0.992115 -0.125334 0
  E1(100 0) -> 0.998027 -0.0627912 0
  E2(0 49) -> 0.705711 -0.0444001 0.707107

(100 51 0) -> 0.998027 -0.0627912 0
  E0(100 51) -> 0.705711 -0.0444001 -0.707107
  E1(51 0) -> 1 -3.27473e-07 0
  E2(0 100) -> 0.998027 -0.0627912 0




--------------------

number of nodes 8
number of triangles 12


list of nodes + normals

-10 -10 -5   -0.57735 -0.57735 -0.57735
-10 -10 5   -0.57735 -0.57735 0.57735
10 -10 5   0.57735 -0.57735 0.57735
10 -10 -5   0.57735 -0.57735 -0.57735
-10 10 -5   -0.57735 0.57735 -0.57735
-10 10 5   -0.57735 0.57735 0.57735
10 10 5   0.57735 0.57735 0.57735
10 10 -5   0.57735 0.57735 -0.57735

list of triangles + edges + normals

(0 1 5) -> -1 0 0
  E0(0 1) -> -0.707107 -0.707107 0
  E1(1 5) -> -0.707107 0 0.707107
  E2(5 0) -> -1 0 0

(0 5 4) -> -1 0 0
  E0(0 5) -> -1 0 0
  E1(5 4) -> -0.707107 0.707107 0
  E2(4 0) -> -0.707107 0 -0.707107

(1 2 5) -> 0 0 1
  E0(1 2) -> 0 -0.707107 0.707107
  E1(2 5) -> 0 0 1
  E2(5 1) -> -0.707107 0 0.707107

(2 6 5) -> 0 -0 1
  E0(2 6) -> 0.707107 -0 0.707107
  E1(6 5) -> 0 0.707107 0.707107
  E2(5 2) -> 0 0 1

(2 3 6) -> 1 -0 0
  E0(2 3) -> 0.707107 -0.707107 0
  E1(3 6) -> 1 0 0
  E2(6 2) -> 0.707107 -0 0.707107

(3 7 6) -> 1 0 0
  E0(3 7) -> 0.707107 0 -0.707107
  E1(7 6) -> 0.707107 0.707107 0
  E2(6 3) -> 1 0 0

(0 4 3) -> 0 0 -1
  E0(0 4) -> -0.707107 0 -0.707107
  E1(4 3) -> 0 0 -1
  E2(3 0) -> 0 -0.707107 -0.707107

(3 4 7) -> 0 0 -1
  E0(3 4) -> 0 0 -1
  E1(4 7) -> 0 0.707107 -0.707107
  E2(7 3) -> 0.707107 0 -0.707107

(4 5 6) -> 0 1 0
  E0(4 5) -> -0.707107 0.707107 0
  E1(5 6) -> 0 0.707107 0.707107
  E2(6 4) -> 0 1 0

(4 6 7) -> 0 1 0
  E0(4 6) -> 0 1 0
  E1(6 7) -> 0.707107 0.707107 0
  E2(7 4) -> 0 0.707107 -0.707107

(0 2 1) -> 0 -1 0
  E0(0 2) -> 0 -1 0
  E1(2 1) -> 0 -0.707107 0.707107
  E2(1 0) -> -0.707107 -0.707107 0

(0 3 2) -> 0 -1 0
  E0(0 3) -> 0 -0.707107 -0.707107
  E1(3 2) -> 0.707107 -0.707107 0
  E2(2 0) -> 0 -1 0




--------------------

